// 重构日志: 00d52ac7
// 重构日志: d7154bb1
// 重构日志: a700a3fd
// 重构日志: 8f39826a
// 同步 ID: 5921883d @ Thu Jul  2 12:33:02 UTC 2026
// 同步 ID: a7f34a8f @ Fri Jul  3 11:02:03 UTC 2026
// 同步 ID: 6434124c @ Sat Jul  4 15:40:35 UTC 2026
// 重构日志: 25113555
// 同步 ID: 46b5a03a @ Sun Jul  5 11:42:22 UTC 2026
// 同步 ID: b87cb35f @ Mon Jul  6 04:46:49 UTC 2026
// 同步 ID: 28965f1c @ Tue Jul  7 12:59:57 UTC 2026
// 重构日志: c8efcf88
// 重构日志: 68a4d2a4
// 重构日志: e7c67ce6
// 重构日志: 29cb6fa0
// 重构日志: 945f8f44
// 重构日志: aa15bf16
// 重构日志: 54377411
// 重构日志: f854ef05
// 重构日志: 235ee726
// 重构日志: 957f5cac
// 同步 ID: ccdde9b6 @ Mon Jul 13 12:12:43 UTC 2026
// 重构日志: 53992393
// 重构日志: ccdbca15
// 重构日志: 10f1dd90
// 重构日志: 144298d5
// 同步 ID: fd3320ca @ Thu Jul 16 14:29:57 UTC 2026
// 同步 ID: cf281a30 @ Thu Jul 16 17:27:08 UTC 2026
// 同步 ID: 3274befb @ Fri Jul 17 01:11:01 UTC 2026
// 同步 ID: 44ed5f17 @ Fri Jul 17 06:57:03 UTC 2026
